<?xml version="1.0" encoding="UTF-8"?>
<!-- Generated by org.testng.reporters.JUnitXMLReporter -->
<testsuite hostname="Sharaths-MacBook-Pro.local" ignored="0" name="Android" tests="3" failures="0" timestamp="16 Jul 2020 02:41:52 GMT" time="31.307" errors="0">
  <testcase name="@BeforeClass beforeClass" time="0.009" classname="com.qa.tests.LoginTest">
    <failure type="java.lang.NullPointerException">
      <![CDATA[java.lang.NullPointerException
	at com.qa.BaseTest.closeApp(BaseTest.java:255)
	at com.qa.tests.LoginTest.beforeClass(LoginTest.java:49)
	at java.util.concurrent.FutureTask.run(FutureTask.java:266)
	at java.util.concurrent.ThreadPoolExecutor.runWorker(ThreadPoolExecutor.java:1149)
	at java.util.concurrent.ThreadPoolExecutor$Worker.run(ThreadPoolExecutor.java:624)
	at java.lang.Thread.run(Thread.java:748)
... Removed 16 stack frames]]>
    </failure>
  </testcase> <!-- @BeforeClass beforeClass -->
  <testcase name="@BeforeMethod beforeMethod" time="0.0" classname="com.qa.tests.LoginTest">
    <skipped/>
  </testcase> <!-- @BeforeMethod beforeMethod -->
  <testcase name="@BeforeMethod beforeMethod" time="0.0" classname="com.qa.tests.LoginTest">
    <skipped/>
  </testcase> <!-- @BeforeMethod beforeMethod -->
  <testcase name="@BeforeMethod beforeMethod" time="0.0" classname="com.qa.tests.LoginTest">
    <skipped/>
  </testcase> <!-- @BeforeMethod beforeMethod -->
  <testcase name="@AfterClass afterClass" time="0.0" classname="com.qa.tests.LoginTest">
    <skipped/>
  </testcase> <!-- @AfterClass afterClass -->
  <testcase name="@AfterTest afterTest" time="0.0" classname="com.qa.BaseTest">
    <skipped/>
  </testcase> <!-- @AfterTest afterTest -->
  <testcase name="invalidPassword" time="5.892" classname="com.qa.tests.LoginTest"/>
  <testcase name="invalidUserName" time="5.005" classname="com.qa.tests.LoginTest"/>
  <testcase name="successfulLogin" time="6.174" classname="com.qa.tests.LoginTest"/>
</testsuite> <!-- Android -->
