<?xml version="1.0" encoding="UTF-8"?>
<!-- Generated by org.testng.reporters.JUnitXMLReporter -->
<testsuite hostname="Sharaths-MacBook-Pro.local" ignored="0" name="samsung" tests="3" failures="0" timestamp="21 Jul 2020 05:10:13 GMT" time="40.194" errors="0">
  <testcase name="invalidPassword" time="9.705" classname="com.qa.tests.LoginTest"/>
  <testcase name="invalidUserName" time="6.574" classname="com.qa.tests.LoginTest"/>
  <testcase name="successfulLogin" time="7.804" classname="com.qa.tests.LoginTest"/>
</testsuite> <!-- samsung -->
