<?xml version="1.0" encoding="UTF-8"?>
<!-- Generated by org.testng.reporters.JUnitXMLReporter -->
<testsuite hostname="MacBook-Pro.local" ignored="0" name="samsung" tests="3" failures="0" timestamp="08 Oct 2020 05:23:47 GMT" time="30.468" errors="0">
  <testcase name="invalidPassword" time="6.045" classname="com.qa.tests.LoginTest"/>
  <testcase name="invalidUserName" time="3.844" classname="com.qa.tests.LoginTest"/>
  <testcase name="successfulLogin" time="5.411" classname="com.qa.tests.LoginTest"/>
</testsuite> <!-- samsung -->
