<?xml version="1.0" encoding="UTF-8"?>
<!-- Generated by org.testng.reporters.JUnitXMLReporter -->
<testsuite hostname="MacBook-Pro" ignored="4" name="samsungs10" tests="4" failures="1" timestamp="11 Sep 2020 05:57:18 GMT" time="44.472" errors="0">
  <testcase name="invalidPassword" time="6.213" classname="com.qa.tests.LoginTest"/>
  <testcase name="invalidUserName" time="4.118" classname="com.qa.tests.LoginTest"/>
  <testcase name="successfulLogin" time="6.477" classname="com.qa.tests.LoginTest"/>
  <testcase name="validateProductOnProductsDetailPage" time="4.279" classname="com.qa.tests.ProductTest">
    <failure type="org.openqa.selenium.InvalidSelectorException" message="Locator Strategy &amp;apos;name&amp;apos; is not supported for this session
For documentation on this error, please visit: https://www.seleniumhq.org/exceptions/invalid_selector_exception.html
Build info: version: &amp;apos;3.141.59&amp;apos;, revision: &amp;apos;e82be7d358&amp;apos;, time: &amp;apos;2018-11-14T08:17:03&amp;apos;
System info: host: &amp;apos;MacBook-Pro&amp;apos;, ip: &amp;apos;fe80:0:0:0:14b1:ed5b:bb3e:5c54%en0&amp;apos;, os.name: &amp;apos;Mac OS X&amp;apos;, os.arch: &amp;apos;x86_64&amp;apos;, os.version: &amp;apos;10.15.4&amp;apos;, java.version: &amp;apos;1.8.0_221&amp;apos;
Driver info: io.appium.java_client.android.AndroidDriver
Capabilities {app: /Users/sharathrudramuniyapp..., appActivity: com.swaglabsmobileapp.Splas..., appPackage: com.swaglabsmobileapp, automationName: UiAutomator2, chromeDriverPort: 11000, databaseEnabled: false, desired: {app: /Users/sharathrudramuniyapp..., appActivity: com.swaglabsmobileapp.Splas..., appPackage: com.swaglabsmobileapp, automationName: UiAutomator2, chromeDriverPort: 11000, deviceName: samsungs10, platformName: android, systemPort: 10000, udid: R58M541G32E}, deviceApiLevel: 28, deviceManufacturer: samsung, deviceModel: SM-G975F, deviceName: R58M541G32E, deviceScreenDensity: 420, deviceScreenSize: 1080x2280, deviceUDID: R58M541G32E, javascriptEnabled: true, locationContextEnabled: false, networkConnectionEnabled: true, pixelRatio: 2.625, platform: LINUX, platformName: Android, platformVersion: 9, statBarHeight: 110, systemPort: 10000, takesScreenshot: true, udid: R58M541G32E, viewportRect: {height: 1937, left: 0, top: 110, width: 1080}, warnings: {}, webStorageEnabled: false}
Session ID: db3f580d-2f2a-4cd1-96d1-c177a214ca80
*** Element info: {Using=name, value=test-ADD TO CART}">
      <![CDATA[org.openqa.selenium.InvalidSelectorException: Locator Strategy 'name' is not supported for this session
For documentation on this error, please visit: https://www.seleniumhq.org/exceptions/invalid_selector_exception.html
Build info: version: '3.141.59', revision: 'e82be7d358', time: '2018-11-14T08:17:03'
System info: host: 'MacBook-Pro', ip: 'fe80:0:0:0:14b1:ed5b:bb3e:5c54%en0', os.name: 'Mac OS X', os.arch: 'x86_64', os.version: '10.15.4', java.version: '1.8.0_221'
Driver info: io.appium.java_client.android.AndroidDriver
Capabilities {app: /Users/sharathrudramuniyapp..., appActivity: com.swaglabsmobileapp.Splas..., appPackage: com.swaglabsmobileapp, automationName: UiAutomator2, chromeDriverPort: 11000, databaseEnabled: false, desired: {app: /Users/sharathrudramuniyapp..., appActivity: com.swaglabsmobileapp.Splas..., appPackage: com.swaglabsmobileapp, automationName: UiAutomator2, chromeDriverPort: 11000, deviceName: samsungs10, platformName: android, systemPort: 10000, udid: R58M541G32E}, deviceApiLevel: 28, deviceManufacturer: samsung, deviceModel: SM-G975F, deviceName: R58M541G32E, deviceScreenDensity: 420, deviceScreenSize: 1080x2280, deviceUDID: R58M541G32E, javascriptEnabled: true, locationContextEnabled: false, networkConnectionEnabled: true, pixelRatio: 2.625, platform: LINUX, platformName: Android, platformVersion: 9, statBarHeight: 110, systemPort: 10000, takesScreenshot: true, udid: R58M541G32E, viewportRect: {height: 1937, left: 0, top: 110, width: 1080}, warnings: {}, webStorageEnabled: false}
Session ID: db3f580d-2f2a-4cd1-96d1-c177a214ca80
*** Element info: {Using=name, value=test-ADD TO CART}
	at org.openqa.selenium.remote.http.W3CHttpResponseCodec.createException(W3CHttpResponseCodec.java:187)
	at org.openqa.selenium.remote.http.W3CHttpResponseCodec.decode(W3CHttpResponseCodec.java:122)
	at org.openqa.selenium.remote.http.W3CHttpResponseCodec.decode(W3CHttpResponseCodec.java:49)
	at org.openqa.selenium.remote.HttpCommandExecutor.execute(HttpCommandExecutor.java:158)
	at io.appium.java_client.remote.AppiumCommandExecutor.execute(AppiumCommandExecutor.java:239)
	at org.openqa.selenium.remote.RemoteWebDriver.execute(RemoteWebDriver.java:552)
	at io.appium.java_client.DefaultGenericMobileDriver.execute(DefaultGenericMobileDriver.java:41)
	at io.appium.java_client.AppiumDriver.execute(AppiumDriver.java:1)
	at io.appium.java_client.android.AndroidDriver.execute(AndroidDriver.java:1)
	at org.openqa.selenium.remote.RemoteWebDriver.findElement(RemoteWebDriver.java:323)
	at io.appium.java_client.DefaultGenericMobileDriver.findElement(DefaultGenericMobileDriver.java:61)
	at io.appium.java_client.AppiumDriver.findElement(AppiumDriver.java:1)
	at io.appium.java_client.android.AndroidDriver.findElement(AndroidDriver.java:1)
	at org.openqa.selenium.remote.RemoteWebDriver.findElementByName(RemoteWebDriver.java:404)
	at io.appium.java_client.DefaultGenericMobileDriver.findElementByName(DefaultGenericMobileDriver.java:117)
	at io.appium.java_client.AppiumDriver.findElementByName(AppiumDriver.java:1)
	at io.appium.java_client.android.AndroidDriver.findElementByName(AndroidDriver.java:1)
	at org.openqa.selenium.By$ByName.findElement(By.java:284)
	at org.openqa.selenium.remote.RemoteWebDriver.findElement(RemoteWebDriver.java:315)
	at io.appium.java_client.DefaultGenericMobileDriver.findElement(DefaultGenericMobileDriver.java:57)
	at io.appium.java_client.AppiumDriver.findElement(AppiumDriver.java:1)
	at io.appium.java_client.android.AndroidDriver.findElement(AndroidDriver.java:1)
	at com.qa.BaseTest.iOSScrollToElement(BaseTest.java:377)
	at com.qa.pages.ProductDetailsPage.scrollPage(ProductDetailsPage.java:50)
	at com.qa.tests.ProductTest.validateProductOnProductsDetailPage(ProductTest.java:106)
	at java.util.concurrent.FutureTask.run(FutureTask.java:266)
	at java.util.concurrent.ThreadPoolExecutor.runWorker(ThreadPoolExecutor.java:1149)
	at java.util.concurrent.ThreadPoolExecutor$Worker.run(ThreadPoolExecutor.java:624)
	at java.lang.Thread.run(Thread.java:748)
... Removed 20 stack frames]]>
    </failure>
  </testcase> <!-- validateProductOnProductsDetailPage -->
  <testcase name="@AfterTest afterTest" time="0.0" classname="com.qa.BaseTest">
    <ignored/>
  </testcase> <!-- @AfterTest afterTest -->
  <testcase name="@BeforeSuite beforeSuite" time="0.0" classname="com.qa.BaseTest">
    <ignored/>
  </testcase> <!-- @BeforeSuite beforeSuite -->
  <testcase name="@AfterSuite afterSuite" time="0.0" classname="com.qa.BaseTest">
    <ignored/>
  </testcase> <!-- @AfterSuite afterSuite -->
  <testcase name="@BeforeTest beforeTest" time="0.0" classname="com.qa.BaseTest">
    <ignored/>
  </testcase> <!-- @BeforeTest beforeTest -->
</testsuite> <!-- samsungs10 -->
