<?xml version="1.0" encoding="UTF-8"?>
<!-- Generated by org.testng.reporters.JUnitXMLReporter -->
<testsuite hostname="MacBook-Pro.local" ignored="0" name="samsung" tests="3" failures="0" timestamp="09 Oct 2020 13:27:39 GMT" time="32.333" errors="0">
  <testcase name="invalidPassword" time="5.478" classname="com.qa.tests.LoginTest"/>
  <testcase name="invalidUserName" time="3.457" classname="com.qa.tests.LoginTest"/>
  <testcase name="successfulLogin" time="4.592" classname="com.qa.tests.LoginTest"/>
</testsuite> <!-- samsung -->
