<?xml version="1.0" encoding="UTF-8"?>
<testsuite xmlns:xsi="http://www.w3.org/2001/XMLSchema-instance" xsi:noNamespaceSchemaLocation="https://maven.apache.org/surefire/maven-surefire-plugin/xsd/surefire-test-report.xsd" name="TestSuite" time="115.885" tests="8" errors="0" skipped="0" failures="2">
  <properties>
[...]
</properties>
  <testcase name="invalidPassword" classname="com.qa.tests.LoginTest" time="5.338"/>
  <testcase name="invalidPassword" classname="com.qa.tests.LoginTest" time="5.722"/>
  <testcase name="invalidUserName" classname="com.qa.tests.LoginTest" time="3.909"/>
  <testcase name="invalidUserName" classname="com.qa.tests.LoginTest" time="3.828"/>
  <testcase name="successfulLogin" classname="com.qa.tests.LoginTest" time="4.335"/>
  <testcase name="successfulLogin" classname="com.qa.tests.LoginTest" time="4.754"/>
  <testcase name="validateProductOnProductsDetailPage" classname="com.qa.tests.ProductTest" time="16.341">
    <failure message="Expected condition failed: waiting for visibility of Located by By.chained({By.xpath: //android.view.ViewGroup[@content-desc=&quot;test-Description&quot;]/android.widget.TextView[2]}) (tried for 10 second(s) with 500 milliseconds interval)" type="org.openqa.selenium.TimeoutException">org.openqa.selenium.TimeoutException: Expected condition failed: waiting for visibility of Located by By.chained({By.xpath: //android.view.ViewGroup[@content-desc="test-Description"]/android.widget.TextView[2]}) (tried for 10 second(s) with 500 milliseconds interval)
	at com.qa.tests.ProductTest.validateProductOnProductsDetailPage(ProductTest.java:101)
Caused by: org.openqa.selenium.NoSuchElementException: Can't locate an element by this strategy: By.chained({By.xpath: //android.view.ViewGroup[@content-desc="test-Description"]/android.widget.TextView[2]})
	at com.qa.tests.ProductTest.validateProductOnProductsDetailPage(ProductTest.java:101)
Caused by: org.openqa.selenium.TimeoutException: Expected condition failed: waiting for io.appium.java_client.pagefactory.AppiumElementLocator$WaitingFunction@1add2367 (tried for 1 second(s) with 500 milliseconds interval)
	at com.qa.tests.ProductTest.validateProductOnProductsDetailPage(ProductTest.java:101)
Caused by: org.openqa.selenium.NoSuchElementException: 
Cannot locate an element using By.chained({By.xpath: //android.view.ViewGroup[@content-desc="test-Description"]/android.widget.TextView[2]})
For documentation on this error, please visit: https://www.seleniumhq.org/exceptions/no_such_element.html
Build info: version: '3.141.59', revision: 'e82be7d358', time: '2018-11-14T08:17:03'
System info: host: 'MacBook-Pro', ip: 'fe80:0:0:0:409:f385:3698:e765%en0', os.name: 'Mac OS X', os.arch: 'x86_64', os.version: '10.15.7', java.version: '1.8.0_221'
Driver info: driver.version: AndroidDriver
	at com.qa.tests.ProductTest.validateProductOnProductsDetailPage(ProductTest.java:101)
</failure>
    <system-out><![CDATA[[INFO ] 2020-10-03 09:34:58.794 com.qa.BaseTest:311 - Login with -standard_user
[INFO ] 2020-10-03 09:35:00.460 com.qa.BaseTest:311 - Login with -secret_sauce
[INFO ] 2020-10-03 09:35:01.779 com.qa.BaseTest:298 - Press Login button
[INFO ] 2020-10-03 09:35:04.182 com.qa.BaseTest:298 - Pressed SLP title 
[INFO ] 2020-10-03 09:35:05.879 com.qa.BaseTest:335 - Profuct title - Sauce Labs Backpack
emulator=false
chromeDriverPort=11002
platformName=Android
udid=emulator-5554
deviceName=PIXEL_2
systemPort=10002
]]></system-out>
  </testcase>
  <testcase name="validateProductOnProductsDetailPage" classname="com.qa.tests.ProductTest" time="15.586">
    <failure message="Expected condition failed: waiting for visibility of Located by By.chained({By.xpath: //android.view.ViewGroup[@content-desc=&quot;test-Description&quot;]/android.widget.TextView[2]}) (tried for 10 second(s) with 500 milliseconds interval)" type="org.openqa.selenium.TimeoutException">org.openqa.selenium.TimeoutException: Expected condition failed: waiting for visibility of Located by By.chained({By.xpath: //android.view.ViewGroup[@content-desc="test-Description"]/android.widget.TextView[2]}) (tried for 10 second(s) with 500 milliseconds interval)
	at com.qa.tests.ProductTest.validateProductOnProductsDetailPage(ProductTest.java:101)
Caused by: org.openqa.selenium.NoSuchElementException: Can't locate an element by this strategy: By.chained({By.xpath: //android.view.ViewGroup[@content-desc="test-Description"]/android.widget.TextView[2]})
	at com.qa.tests.ProductTest.validateProductOnProductsDetailPage(ProductTest.java:101)
Caused by: org.openqa.selenium.TimeoutException: Expected condition failed: waiting for io.appium.java_client.pagefactory.AppiumElementLocator$WaitingFunction@12affef (tried for 1 second(s) with 500 milliseconds interval)
	at com.qa.tests.ProductTest.validateProductOnProductsDetailPage(ProductTest.java:101)
Caused by: org.openqa.selenium.NoSuchElementException: 
Cannot locate an element using By.chained({By.xpath: //android.view.ViewGroup[@content-desc="test-Description"]/android.widget.TextView[2]})
For documentation on this error, please visit: https://www.seleniumhq.org/exceptions/no_such_element.html
Build info: version: '3.141.59', revision: 'e82be7d358', time: '2018-11-14T08:17:03'
System info: host: 'MacBook-Pro', ip: 'fe80:0:0:0:409:f385:3698:e765%en0', os.name: 'Mac OS X', os.arch: 'x86_64', os.version: '10.15.7', java.version: '1.8.0_221'
Driver info: driver.version: AndroidDriver
	at com.qa.tests.ProductTest.validateProductOnProductsDetailPage(ProductTest.java:101)
</failure>
    <system-out><![CDATA[[INFO ] 2020-10-03 09:35:53.308 com.qa.BaseTest:311 - Login with -standard_user
[INFO ] 2020-10-03 09:35:54.939 com.qa.BaseTest:311 - Login with -secret_sauce
[INFO ] 2020-10-03 09:35:55.998 com.qa.BaseTest:298 - Press Login button
[INFO ] 2020-10-03 09:35:57.727 com.qa.BaseTest:298 - Pressed SLP title 
[INFO ] 2020-10-03 09:35:59.579 com.qa.BaseTest:335 - Profuct title - Sauce Labs Backpack
emulator=false
chromeDriverPort=11002
platformName=Android
udid=emulator-5554
deviceName=PIXEL_2
systemPort=10002
]]></system-out>
  </testcase>
</testsuite>